  BufferedReader.cpp
  CombinedApi.cpp
  ComConnection.cpp
  GbfButton1D.cpp
  GbfComponent.cpp
  GbfContainer.cpp
  GbfData3D.cpp
  GbfData6D.cpp
  GbfFrame.cpp
  GbfSystemAlert.cpp
  PortHandleInfo.cpp
  MarkerData.cpp
  SystemAlert.cpp
  SystemCRC.cpp
  TcpConnection.cpp
  ToolData.cpp
  Transform.cpp
    正在创建库 C:\Users\666\Downloads\NDI Combined API Sample v1.4.0\x64\Release\library.lib 和对象 C:\Users\666\Downloads\NDI Combined API Sample v1.4.0\x64\Release\library.exp
  正在生成代码
  All 1525 functions were compiled because no usable IPDB/IOBJ from previous compilation was found.
  已完成代码的生成
  library.vcxproj -> C:\Users\666\Downloads\NDI Combined API Sample v1.4.0\x64\Release\library.dll
