g:\projects\自己写的mfc\ndi capi_1_1\library\x64\debug\vc141.pdb
g:\projects\自己写的mfc\ndi capi_1_1\library\x64\debug\vc141.idb
g:\projects\自己写的mfc\ndi capi_1_1\library\x64\debug\transform.obj
g:\projects\自己写的mfc\ndi capi_1_1\library\x64\debug\tooldata.obj
g:\projects\自己写的mfc\ndi capi_1_1\library\x64\debug\tcpconnection.obj
g:\projects\自己写的mfc\ndi capi_1_1\library\x64\debug\systemcrc.obj
g:\projects\自己写的mfc\ndi capi_1_1\library\x64\debug\systemalert.obj
g:\projects\自己写的mfc\ndi capi_1_1\library\x64\debug\markerdata.obj
g:\projects\自己写的mfc\ndi capi_1_1\library\x64\debug\porthandleinfo.obj
g:\projects\自己写的mfc\ndi capi_1_1\library\x64\debug\gbfsystemalert.obj
g:\projects\自己写的mfc\ndi capi_1_1\library\x64\debug\gbfframe.obj
g:\projects\自己写的mfc\ndi capi_1_1\library\x64\debug\gbfdata6d.obj
g:\projects\自己写的mfc\ndi capi_1_1\library\x64\debug\gbfdata3d.obj
g:\projects\自己写的mfc\ndi capi_1_1\library\x64\debug\gbfcontainer.obj
g:\projects\自己写的mfc\ndi capi_1_1\library\x64\debug\gbfcomponent.obj
g:\projects\自己写的mfc\ndi capi_1_1\library\x64\debug\gbfbutton1d.obj
g:\projects\自己写的mfc\ndi capi_1_1\library\x64\debug\comconnection.obj
g:\projects\自己写的mfc\ndi capi_1_1\library\x64\debug\combinedapi.obj
g:\projects\自己写的mfc\ndi capi_1_1\library\x64\debug\bufferedreader.obj
g:\projects\自己写的mfc\ndi capi_1_1\x64\debug\library.lib
g:\projects\自己写的mfc\ndi capi_1_1\x64\debug\library.exp
g:\projects\自己写的mfc\ndi capi_1_1\x64\debug\library.ilk
g:\projects\自己写的mfc\ndi capi_1_1\x64\debug\library.dll
g:\projects\自己写的mfc\ndi capi_1_1\x64\debug\library.pdb
g:\projects\自己写的mfc\ndi capi_1_1\library\x64\debug\library.tlog\cl.command.1.tlog
g:\projects\自己写的mfc\ndi capi_1_1\library\x64\debug\library.tlog\cl.read.1.tlog
g:\projects\自己写的mfc\ndi capi_1_1\library\x64\debug\library.tlog\cl.write.1.tlog
g:\projects\自己写的mfc\ndi capi_1_1\library\x64\debug\library.tlog\library.write.1u.tlog
g:\projects\自己写的mfc\ndi capi_1_1\library\x64\debug\library.tlog\link.command.1.tlog
g:\projects\自己写的mfc\ndi capi_1_1\library\x64\debug\library.tlog\link.read.1.tlog
g:\projects\自己写的mfc\ndi capi_1_1\library\x64\debug\library.tlog\link.write.1.tlog
