  BufferedReader.cpp
  CombinedApi.cpp
  ComConnection.cpp
  GbfButton1D.cpp
  GbfComponent.cpp
  GbfContainer.cpp
  GbfData3D.cpp
  GbfData6D.cpp
  GbfFrame.cpp
  GbfSystemAlert.cpp
  PortHandleInfo.cpp
  MarkerData.cpp
  SystemAlert.cpp
  SystemCRC.cpp
  TcpConnection.cpp
  ToolData.cpp
  Transform.cpp
  正在生成代码...
    正在创建库 G:\projects\自己写的MFC\NDI CAPI_1_1\x64\Debug\library.lib 和对象 G:\projects\自己写的MFC\NDI CAPI_1_1\x64\Debug\library.exp
  library.vcxproj -> G:\projects\自己写的MFC\NDI CAPI_1_1\x64\Debug\library.dll
